Failed to construct transformer:  Error: spawn EPERM
    at ChildProcess.spawn (node:internal/child_process:420:11)
    at spawn (node:child_process:753:9)
    at fork (node:child_process:171:10)
    at ChildProcessWorker.initialize (C:\repos\poc_cartas\node_modules\jest-worker\build\workers\ChildProcessWorker.js:144:45)
    at new ChildProcessWorker (C:\repos\poc_cartas\node_modules\jest-worker\build\workers\ChildProcessWorker.js:100:10)
    at WorkerPool.createWorker (C:\repos\poc_cartas\node_modules\jest-worker\build\WorkerPool.js:30:12)
    at new BaseWorkerPool (C:\repos\poc_cartas\node_modules\jest-worker\build\base\BaseWorkerPool.js:55:27)
    at new WorkerPool (C:\repos\poc_cartas\node_modules\jest-worker\build\WorkerPool.js:18:1)
    at new Worker (C:\repos\poc_cartas\node_modules\jest-worker\build\index.js:141:26)
    at FileMap._getWorker (C:\repos\poc_cartas\node_modules\metro-file-map\src\index.js:560:24) {
  errno: -4048,
  code: 'EPERM',
  syscall: 'spawn'
}
FetchError: request to https://api.expo.dev/v2/sdks/51.0.0/native-modules failed, reason: connect ECONNREFUSED 127.0.0.1:9
FetchError: request to https://api.expo.dev/v2/sdks/51.0.0/native-modules failed, reason: connect ECONNREFUSED 127.0.0.1:9
    at ClientRequest.<anonymous> (C:\repos\poc_cartas\node_modules\node-fetch\lib\index.js:1501:11)
    at ClientRequest.emit (node:events:518:28)
    at onerror (C:\repos\poc_cartas\node_modules\agent-base\src\index.ts:236:9)
    at callbackError (C:\repos\poc_cartas\node_modules\agent-base\src\index.ts:258:5)
    at processTicksAndRejections (node:internal/process/task_queues:105:5)
npm error Lifecycle script `start` failed with error:
npm error code 1
npm error path C:\repos\poc_cartas\apps\mobile
npm error workspace @poc-cartas/mobile@0.1.0
npm error location C:\repos\poc_cartas\apps\mobile
npm error command failed
npm error command C:\Windows\system32\cmd.exe /d /s /c expo start
