
> poc-cartas@0.1.0 mobile
> npm --workspace apps/mobile run start


> @poc-cartas/mobile@0.1.0 start
> expo start

Starting project at C:\repos\poc_cartas\apps\mobile
Starting Metro Bundler
Waiting on http://localhost:8081
Logs for your project will appear below.
Web apps\mobile\index.ts ░░░░░░░░░░░░░░░░  0.0% (0/1)
Web Bundled 2056ms apps\mobile\index.ts (382 modules)
 LOG  [web] Logs will appear in the browser console
Web apps\mobile\index.ts ░░░░░░░░░░░░░░░░  0.0% (0/1)
Web Bundled 37ms apps\mobile\index.ts (1 module)
 LOG  [web] Logs will appear in the browser console
Web apps\mobile\index.ts ░░░░░░░░░░░░░░░░  0.0% (0/1)
Web Bundled 38ms apps\mobile\index.ts (1 module)
 LOG  [web] Logs will appear in the browser console
Web apps\mobile\index.ts ░░░░░░░░░░░░░░░░  0.0% (0/1)
Web Bundled 41ms apps\mobile\index.ts (1 module)
 LOG  [web] Logs will appear in the browser console
